<?xml version="1.0" encoding="UTF-8"?>
<!-- Generated by org.testng.reporters.JUnitReportReporter -->
<testsuite hostname="kodandas-imac" failures="0" tests="1" name="devlabs.testng.lab1.TC001" time="52.324" errors="0" timestamp="26 Jan 2021 18:14:44 GMT" skipped="0">
  <testcase classname="devlabs.testng.lab1.TC001" name="tc001" time="52.324"/>
</testsuite> <!-- devlabs.testng.lab1.TC001 -->
