<?xml version="1.0" encoding="UTF-8"?>
<!-- Generated by org.testng.reporters.JUnitReportReporter -->
<testsuite hostname="kodandas-imac" failures="0" tests="1" name="devlabs.testng.lab1.TC002" time="50.698" errors="0" timestamp="26 Jan 2021 18:14:44 GMT" skipped="0">
  <testcase classname="devlabs.testng.lab1.TC002" name="tc002" time="50.698"/>
</testsuite> <!-- devlabs.testng.lab1.TC002 -->
